Flow report for animation
Sun Nov 30 20:50:35 2014
Quartus II 32-bit Version 11.1 Build 259 01/25/2012 Service Pack 2 SJ Web Edition


---------------------
; Table of Contents ;
---------------------
  1. Legal Notice
  2. Flow Summary
  3. Flow Settings
  4. Flow Non-Default Global Settings
  5. Flow Elapsed Time
  6. Flow OS Summary
  7. Flow Log



----------------
; Legal Notice ;
----------------
Copyright (C) 1991-2011 Altera Corporation
Your use of Altera Corporation's design tools, logic functions 
and other software and tools, and its AMPP partner logic 
functions, and any output files from any of the foregoing 
(including device programming or simulation files), and any 
associated documentation or information are expressly subject 
to the terms and conditions of the Altera Program License 
Subscription Agreement, Altera MegaCore Function License 
Agreement, or other applicable license agreement, including, 
without limitation, that your use is for the sole purpose of 
programming logic devices manufactured by Altera and sold by 
Altera or its authorized distributors.  Please refer to the 
applicable agreement for further details.



+------------------------------------------------------------------------------------+
; Flow Summary                                                                       ;
+------------------------------------+-----------------------------------------------+
; Flow Status                        ; Successful - Sun Nov 30 20:50:33 2014         ;
; Quartus II 32-bit Version          ; 11.1 Build 259 01/25/2012 SP 2 SJ Web Edition ;
; Revision Name                      ; animation                                     ;
; Top-level Entity Name              ; animation                                     ;
; Family                             ; Cyclone II                                    ;
; Device                             ; EP2C35F672C6                                  ;
; Timing Models                      ; Final                                         ;
; Total logic elements               ; 727 / 33,216 ( 2 % )                          ;
;     Total combinational functions  ; 696 / 33,216 ( 2 % )                          ;
;     Dedicated logic registers      ; 205 / 33,216 ( < 1 % )                        ;
; Total registers                    ; 205                                           ;
; Total pins                         ; 105 / 475 ( 22 % )                            ;
; Total virtual pins                 ; 0                                             ;
; Total memory bits                  ; 106,752 / 483,840 ( 22 % )                    ;
; Embedded Multiplier 9-bit elements ; 0 / 70 ( 0 % )                                ;
; Total PLLs                         ; 1 / 4 ( 25 % )                                ;
+------------------------------------+-----------------------------------------------+


+-----------------------------------------+
; Flow Settings                           ;
+-------------------+---------------------+
; Option            ; Setting             ;
+-------------------+---------------------+
; Start date & time ; 11/30/2014 20:48:33 ;
; Main task         ; Compilation         ;
; Revision Name     ; animation           ;
+-------------------+---------------------+


+-----------------------------------------------------------------------------------------------------------------+
; Flow Non-Default Global Settings                                                                                ;
+-------------------------------------+--------------------------------+---------------+-------------+------------+
; Assignment Name                     ; Value                          ; Default Value ; Entity Name ; Section Id ;
+-------------------------------------+--------------------------------+---------------+-------------+------------+
; COMPILER_SIGNATURE_ID               ; 29489849755642.141740931305640 ; --            ; --          ; --         ;
; CYCLONEII_OPTIMIZATION_TECHNIQUE    ; Speed                          ; Balanced      ; --          ; --         ;
; ENABLE_CLOCK_LATENCY                ; On                             ; Off           ; --          ; --         ;
; FMAX_REQUIREMENT                    ; 100 MHz                        ; --            ; --          ; --         ;
; PARTITION_COLOR                     ; 16764057                       ; --            ; --          ; Top        ;
; PARTITION_FITTER_PRESERVATION_LEVEL ; PLACEMENT_AND_ROUTING          ; --            ; --          ; Top        ;
; PARTITION_NETLIST_TYPE              ; SOURCE                         ; --            ; --          ; Top        ;
; REPORT_IO_PATHS_SEPARATELY          ; On                             ; Off           ; --          ; --         ;
+-------------------------------------+--------------------------------+---------------+-------------+------------+


+-------------------------------------------------------------------------------------------------------------------------------+
; Flow Elapsed Time                                                                                                             ;
+---------------------------+--------------+-------------------------+---------------------+------------------------------------+
; Module Name               ; Elapsed Time ; Average Processors Used ; Peak Virtual Memory ; Total CPU Time (on all processors) ;
+---------------------------+--------------+-------------------------+---------------------+------------------------------------+
; Analysis & Synthesis      ; 00:01:13     ; 1.0                     ; 348 MB              ; 00:00:52                           ;
; Fitter                    ; 00:00:27     ; 1.0                     ; 420 MB              ; 00:00:20                           ;
; Assembler                 ; 00:00:06     ; 1.0                     ; 352 MB              ; 00:00:05                           ;
; TimeQuest Timing Analyzer ; 00:00:11     ; 1.0                     ; 316 MB              ; 00:00:06                           ;
; Total                     ; 00:01:57     ; --                      ; --                  ; 00:01:23                           ;
+---------------------------+--------------+-------------------------+---------------------+------------------------------------+


+----------------------------------------------------------------------------------------+
; Flow OS Summary                                                                        ;
+---------------------------+------------------+-----------+------------+----------------+
; Module Name               ; Machine Hostname ; OS Name   ; OS Version ; Processor type ;
+---------------------------+------------------+-----------+------------+----------------+
; Analysis & Synthesis      ; krishna          ; Windows 7 ; 6.2        ; x86_64         ;
; Fitter                    ; krishna          ; Windows 7 ; 6.2        ; x86_64         ;
; Assembler                 ; krishna          ; Windows 7 ; 6.2        ; x86_64         ;
; TimeQuest Timing Analyzer ; krishna          ; Windows 7 ; 6.2        ; x86_64         ;
+---------------------------+------------------+-----------+------------+----------------+


------------
; Flow Log ;
------------
quartus_map --read_settings_files=on --write_settings_files=off animation -c animation
quartus_fit --read_settings_files=off --write_settings_files=off animation -c animation
quartus_asm --read_settings_files=off --write_settings_files=off animation -c animation
quartus_sta animation -c animation



